<?xml version="1.0" encoding="UTF-8"?>
<testsuite xmlns:xsi="http://www.w3.org/2001/XMLSchema-instance" xsi:noNamespaceSchemaLocation="https://maven.apache.org/surefire/maven-surefire-plugin/xsd/surefire-test-report.xsd" name="com.suraj.banking.auth.service.AccountServiceTest" time="0.904" tests="4" errors="0" skipped="0" failures="0">
  <properties>
[...]
</properties>
  <testcase name="getAccount_WhenCallerDoesNotOwnAccount_ShouldThrowUnauthorizedAccess" classname="com.suraj.banking.auth.service.AccountServiceTest" time="0.848"/>
  <testcase name="getAccount_WhenAccountNotFound_ShouldThrowAccountNotFoundException" classname="com.suraj.banking.auth.service.AccountServiceTest" time="0"/>
  <testcase name="getMyAccounts_ShouldReturnListOfAccounts" classname="com.suraj.banking.auth.service.AccountServiceTest" time="0.053"/>
  <testcase name="createAccount_ShouldReturnAccountResponse" classname="com.suraj.banking.auth.service.AccountServiceTest" time="0"/>
</testsuite>